<?xml version="1.0" encoding="UTF-8"?>
<testng-results skipped="0" failed="0" ignored="0" total="20" passed="20">
  <reporter-output>
  </reporter-output>
  <suite name="book-flight-module" duration-ms="16608" started-at="2021-09-17T15:21:05Z" finished-at="2021-09-17T15:21:22Z">
    <groups>
    </groups>
    <test name="book-flight-3" duration-ms="7755" started-at="2021-09-17T15:21:05Z" finished-at="2021-09-17T15:21:13Z">
      <class name="com.newtours.tests.BookFlightTest">
        <test-method status="PASS" signature="setupDriver()[pri:0, instance:com.newtours.tests.BookFlightTest@58ceff1]" name="setupDriver" is-config="true" duration-ms="1980" started-at="2021-09-17T15:21:05Z" finished-at="2021-09-17T15:21:07Z">
          <reporter-output>
          </reporter-output>
        </test-method> <!-- setupDriver -->
        <test-method status="PASS" signature="setupParameters(java.lang.String, java.lang.String)[pri:0, instance:com.newtours.tests.BookFlightTest@58ceff1]" name="setupParameters" is-config="true" duration-ms="3" started-at="2021-09-17T15:21:07Z" depends-on-methods="tests.BaseTest.setupDriver" finished-at="2021-09-17T15:21:07Z">
          <params>
            <param index="0">
              <value>
                <![CDATA[3]]>
              </value>
            </param>
            <param index="1">
              <value>
                <![CDATA[$1753 USD]]>
              </value>
            </param>
          </params>
          <reporter-output>
          </reporter-output>
        </test-method> <!-- setupParameters -->
        <test-method status="PASS" signature="registrationPage()[pri:0, instance:com.newtours.tests.BookFlightTest@58ceff1]" name="registrationPage" duration-ms="3755" started-at="2021-09-17T15:21:07Z" finished-at="2021-09-17T15:21:11Z">
          <reporter-output>
          </reporter-output>
        </test-method> <!-- registrationPage -->
        <test-method status="PASS" signature="registrationConfirmationPage()[pri:0, instance:com.newtours.tests.BookFlightTest@58ceff1]" name="registrationConfirmationPage" duration-ms="117" started-at="2021-09-17T15:21:11Z" depends-on-methods="com.newtours.tests.BookFlightTest.registrationPage" finished-at="2021-09-17T15:21:11Z">
          <reporter-output>
          </reporter-output>
        </test-method> <!-- registrationConfirmationPage -->
        <test-method status="PASS" signature="flightDetailsPage()[pri:0, instance:com.newtours.tests.BookFlightTest@58ceff1]" name="flightDetailsPage" duration-ms="1361" started-at="2021-09-17T15:21:11Z" depends-on-methods="com.newtours.tests.BookFlightTest.registrationConfirmationPage" finished-at="2021-09-17T15:21:12Z">
          <reporter-output>
          </reporter-output>
        </test-method> <!-- flightDetailsPage -->
        <test-method status="PASS" signature="findFlightPage()[pri:0, instance:com.newtours.tests.BookFlightTest@58ceff1]" name="findFlightPage" duration-ms="238" started-at="2021-09-17T15:21:12Z" depends-on-methods="com.newtours.tests.BookFlightTest.flightDetailsPage" finished-at="2021-09-17T15:21:13Z">
          <reporter-output>
          </reporter-output>
        </test-method> <!-- findFlightPage -->
        <test-method status="PASS" signature="flightConfirmationPage()[pri:0, instance:com.newtours.tests.BookFlightTest@58ceff1]" name="flightConfirmationPage" duration-ms="232" started-at="2021-09-17T15:21:13Z" depends-on-methods="com.newtours.tests.BookFlightTest.findFlightPage" finished-at="2021-09-17T15:21:13Z">
          <reporter-output>
          </reporter-output>
        </test-method> <!-- flightConfirmationPage -->
        <test-method status="PASS" signature="quitDriver()[pri:0, instance:com.newtours.tests.BookFlightTest@58ceff1]" name="quitDriver" is-config="true" duration-ms="59" started-at="2021-09-17T15:21:13Z" finished-at="2021-09-17T15:21:13Z">
          <reporter-output>
          </reporter-output>
        </test-method> <!-- quitDriver -->
      </class> <!-- com.newtours.tests.BookFlightTest -->
    </test> <!-- book-flight-3 -->
    <test name="book-flight-1" duration-ms="10363" started-at="2021-09-17T15:21:05Z" finished-at="2021-09-17T15:21:15Z">
      <class name="com.newtours.tests.BookFlightTest">
        <test-method status="PASS" signature="setupDriver()[pri:0, instance:com.newtours.tests.BookFlightTest@16c0663d]" name="setupDriver" is-config="true" duration-ms="3977" started-at="2021-09-17T15:21:05Z" finished-at="2021-09-17T15:21:09Z">
          <reporter-output>
          </reporter-output>
        </test-method> <!-- setupDriver -->
        <test-method status="PASS" signature="registrationPage()[pri:0, instance:com.newtours.tests.BookFlightTest@16c0663d]" name="registrationPage" duration-ms="4286" started-at="2021-09-17T15:21:09Z" finished-at="2021-09-17T15:21:13Z">
          <reporter-output>
          </reporter-output>
        </test-method> <!-- registrationPage -->
        <test-method status="PASS" signature="setupParameters(java.lang.String, java.lang.String)[pri:0, instance:com.newtours.tests.BookFlightTest@16c0663d]" name="setupParameters" is-config="true" duration-ms="0" started-at="2021-09-17T15:21:09Z" depends-on-methods="tests.BaseTest.setupDriver" finished-at="2021-09-17T15:21:09Z">
          <params>
            <param index="0">
              <value>
                <![CDATA[1]]>
              </value>
            </param>
            <param index="1">
              <value>
                <![CDATA[$584 USD]]>
              </value>
            </param>
          </params>
          <reporter-output>
          </reporter-output>
        </test-method> <!-- setupParameters -->
        <test-method status="PASS" signature="registrationConfirmationPage()[pri:0, instance:com.newtours.tests.BookFlightTest@16c0663d]" name="registrationConfirmationPage" duration-ms="153" started-at="2021-09-17T15:21:13Z" depends-on-methods="com.newtours.tests.BookFlightTest.registrationPage" finished-at="2021-09-17T15:21:13Z">
          <reporter-output>
          </reporter-output>
        </test-method> <!-- registrationConfirmationPage -->
        <test-method status="PASS" signature="flightDetailsPage()[pri:0, instance:com.newtours.tests.BookFlightTest@16c0663d]" name="flightDetailsPage" duration-ms="1307" started-at="2021-09-17T15:21:13Z" depends-on-methods="com.newtours.tests.BookFlightTest.registrationConfirmationPage" finished-at="2021-09-17T15:21:15Z">
          <reporter-output>
          </reporter-output>
        </test-method> <!-- flightDetailsPage -->
        <test-method status="PASS" signature="findFlightPage()[pri:0, instance:com.newtours.tests.BookFlightTest@16c0663d]" name="findFlightPage" duration-ms="291" started-at="2021-09-17T15:21:15Z" depends-on-methods="com.newtours.tests.BookFlightTest.flightDetailsPage" finished-at="2021-09-17T15:21:15Z">
          <reporter-output>
          </reporter-output>
        </test-method> <!-- findFlightPage -->
        <test-method status="PASS" signature="flightConfirmationPage()[pri:0, instance:com.newtours.tests.BookFlightTest@16c0663d]" name="flightConfirmationPage" duration-ms="283" started-at="2021-09-17T15:21:15Z" depends-on-methods="com.newtours.tests.BookFlightTest.findFlightPage" finished-at="2021-09-17T15:21:15Z">
          <reporter-output>
          </reporter-output>
        </test-method> <!-- flightConfirmationPage -->
        <test-method status="PASS" signature="quitDriver()[pri:0, instance:com.newtours.tests.BookFlightTest@16c0663d]" name="quitDriver" is-config="true" duration-ms="64" started-at="2021-09-17T15:21:15Z" finished-at="2021-09-17T15:21:15Z">
          <reporter-output>
          </reporter-output>
        </test-method> <!-- quitDriver -->
      </class> <!-- com.newtours.tests.BookFlightTest -->
    </test> <!-- book-flight-1 -->
    <test name="book-flight-2" duration-ms="13739" started-at="2021-09-17T15:21:05Z" finished-at="2021-09-17T15:21:19Z">
      <class name="com.newtours.tests.BookFlightTest">
        <test-method status="PASS" signature="setupDriver()[pri:0, instance:com.newtours.tests.BookFlightTest@6b71769e]" name="setupDriver" is-config="true" duration-ms="8218" started-at="2021-09-17T15:21:05Z" finished-at="2021-09-17T15:21:13Z">
          <reporter-output>
          </reporter-output>
        </test-method> <!-- setupDriver -->
        <test-method status="PASS" signature="setupParameters(java.lang.String, java.lang.String)[pri:0, instance:com.newtours.tests.BookFlightTest@6b71769e]" name="setupParameters" is-config="true" duration-ms="0" started-at="2021-09-17T15:21:13Z" depends-on-methods="tests.BaseTest.setupDriver" finished-at="2021-09-17T15:21:13Z">
          <params>
            <param index="0">
              <value>
                <![CDATA[2]]>
              </value>
            </param>
            <param index="1">
              <value>
                <![CDATA[$1169 USD]]>
              </value>
            </param>
          </params>
          <reporter-output>
          </reporter-output>
        </test-method> <!-- setupParameters -->
        <test-method status="PASS" signature="registrationPage()[pri:0, instance:com.newtours.tests.BookFlightTest@6b71769e]" name="registrationPage" duration-ms="3528" started-at="2021-09-17T15:21:13Z" finished-at="2021-09-17T15:21:17Z">
          <reporter-output>
          </reporter-output>
        </test-method> <!-- registrationPage -->
        <test-method status="PASS" signature="registrationConfirmationPage()[pri:0, instance:com.newtours.tests.BookFlightTest@6b71769e]" name="registrationConfirmationPage" duration-ms="112" started-at="2021-09-17T15:21:17Z" depends-on-methods="com.newtours.tests.BookFlightTest.registrationPage" finished-at="2021-09-17T15:21:17Z">
          <reporter-output>
          </reporter-output>
        </test-method> <!-- registrationConfirmationPage -->
        <test-method status="PASS" signature="flightDetailsPage()[pri:0, instance:com.newtours.tests.BookFlightTest@6b71769e]" name="flightDetailsPage" duration-ms="1318" started-at="2021-09-17T15:21:17Z" depends-on-methods="com.newtours.tests.BookFlightTest.registrationConfirmationPage" finished-at="2021-09-17T15:21:18Z">
          <reporter-output>
          </reporter-output>
        </test-method> <!-- flightDetailsPage -->
        <test-method status="PASS" signature="findFlightPage()[pri:0, instance:com.newtours.tests.BookFlightTest@6b71769e]" name="findFlightPage" duration-ms="283" started-at="2021-09-17T15:21:18Z" depends-on-methods="com.newtours.tests.BookFlightTest.flightDetailsPage" finished-at="2021-09-17T15:21:19Z">
          <reporter-output>
          </reporter-output>
        </test-method> <!-- findFlightPage -->
        <test-method status="PASS" signature="flightConfirmationPage()[pri:0, instance:com.newtours.tests.BookFlightTest@6b71769e]" name="flightConfirmationPage" duration-ms="213" started-at="2021-09-17T15:21:19Z" depends-on-methods="com.newtours.tests.BookFlightTest.findFlightPage" finished-at="2021-09-17T15:21:19Z">
          <reporter-output>
          </reporter-output>
        </test-method> <!-- flightConfirmationPage -->
        <test-method status="PASS" signature="quitDriver()[pri:0, instance:com.newtours.tests.BookFlightTest@6b71769e]" name="quitDriver" is-config="true" duration-ms="63" started-at="2021-09-17T15:21:19Z" finished-at="2021-09-17T15:21:19Z">
          <reporter-output>
          </reporter-output>
        </test-method> <!-- quitDriver -->
      </class> <!-- com.newtours.tests.BookFlightTest -->
    </test> <!-- book-flight-2 -->
    <test name="book-flight-4" duration-ms="16608" started-at="2021-09-17T15:21:05Z" finished-at="2021-09-17T15:21:22Z">
      <class name="com.newtours.tests.BookFlightTest">
        <test-method status="PASS" signature="setupDriver()[pri:0, instance:com.newtours.tests.BookFlightTest@1e643faf]" name="setupDriver" is-config="true" duration-ms="10826" started-at="2021-09-17T15:21:05Z" finished-at="2021-09-17T15:21:16Z">
          <reporter-output>
          </reporter-output>
        </test-method> <!-- setupDriver -->
        <test-method status="PASS" signature="setupParameters(java.lang.String, java.lang.String)[pri:0, instance:com.newtours.tests.BookFlightTest@1e643faf]" name="setupParameters" is-config="true" duration-ms="0" started-at="2021-09-17T15:21:16Z" depends-on-methods="tests.BaseTest.setupDriver" finished-at="2021-09-17T15:21:16Z">
          <params>
            <param index="0">
              <value>
                <![CDATA[4]]>
              </value>
            </param>
            <param index="1">
              <value>
                <![CDATA[$2338 USD]]>
              </value>
            </param>
          </params>
          <reporter-output>
          </reporter-output>
        </test-method> <!-- setupParameters -->
        <test-method status="PASS" signature="registrationPage()[pri:0, instance:com.newtours.tests.BookFlightTest@1e643faf]" name="registrationPage" duration-ms="3896" started-at="2021-09-17T15:21:16Z" finished-at="2021-09-17T15:21:20Z">
          <reporter-output>
          </reporter-output>
        </test-method> <!-- registrationPage -->
        <test-method status="PASS" signature="registrationConfirmationPage()[pri:0, instance:com.newtours.tests.BookFlightTest@1e643faf]" name="registrationConfirmationPage" duration-ms="111" started-at="2021-09-17T15:21:20Z" depends-on-methods="com.newtours.tests.BookFlightTest.registrationPage" finished-at="2021-09-17T15:21:20Z">
          <reporter-output>
          </reporter-output>
        </test-method> <!-- registrationConfirmationPage -->
        <test-method status="PASS" signature="flightDetailsPage()[pri:0, instance:com.newtours.tests.BookFlightTest@1e643faf]" name="flightDetailsPage" duration-ms="1287" started-at="2021-09-17T15:21:20Z" depends-on-methods="com.newtours.tests.BookFlightTest.registrationConfirmationPage" finished-at="2021-09-17T15:21:21Z">
          <reporter-output>
          </reporter-output>
        </test-method> <!-- flightDetailsPage -->
        <test-method status="PASS" signature="findFlightPage()[pri:0, instance:com.newtours.tests.BookFlightTest@1e643faf]" name="findFlightPage" duration-ms="238" started-at="2021-09-17T15:21:21Z" depends-on-methods="com.newtours.tests.BookFlightTest.flightDetailsPage" finished-at="2021-09-17T15:21:21Z">
          <reporter-output>
          </reporter-output>
        </test-method> <!-- findFlightPage -->
        <test-method status="PASS" signature="flightConfirmationPage()[pri:0, instance:com.newtours.tests.BookFlightTest@1e643faf]" name="flightConfirmationPage" duration-ms="189" started-at="2021-09-17T15:21:21Z" depends-on-methods="com.newtours.tests.BookFlightTest.findFlightPage" finished-at="2021-09-17T15:21:22Z">
          <reporter-output>
          </reporter-output>
        </test-method> <!-- flightConfirmationPage -->
        <test-method status="PASS" signature="quitDriver()[pri:0, instance:com.newtours.tests.BookFlightTest@1e643faf]" name="quitDriver" is-config="true" duration-ms="59" started-at="2021-09-17T15:21:22Z" finished-at="2021-09-17T15:21:22Z">
          <reporter-output>
          </reporter-output>
        </test-method> <!-- quitDriver -->
      </class> <!-- com.newtours.tests.BookFlightTest -->
    </test> <!-- book-flight-4 -->
  </suite> <!-- book-flight-module -->
</testng-results>
