<?xml version="1.0" encoding="UTF-8"?>
<testng-results skipped="0" failed="0" ignored="0" total="5" passed="5">
  <reporter-output>
  </reporter-output>
  <suite name="search-module" duration-ms="40192" started-at="2021-09-17T15:21:04Z" finished-at="2021-09-17T15:21:44Z">
    <groups>
    </groups>
    <test name="search-test-java" duration-ms="23216" started-at="2021-09-17T15:21:04Z" finished-at="2021-09-17T15:21:27Z">
      <class name="com.searchmodule.tests.SearchTest">
        <test-method status="PASS" signature="setupDriver()[pri:0, instance:com.searchmodule.tests.SearchTest@2a18f23c]" name="setupDriver" is-config="true" duration-ms="20086" started-at="2021-09-17T15:21:04Z" finished-at="2021-09-17T15:21:24Z">
          <reporter-output>
          </reporter-output>
        </test-method> <!-- setupDriver -->
        <test-method status="PASS" signature="search(java.lang.String)[pri:0, instance:com.searchmodule.tests.SearchTest@2a18f23c]" name="search" duration-ms="2642" started-at="2021-09-17T15:21:24Z" finished-at="2021-09-17T15:21:27Z">
          <params>
            <param index="0">
              <value>
                <![CDATA[java]]>
              </value>
            </param>
          </params>
          <reporter-output>
          </reporter-output>
        </test-method> <!-- search -->
        <test-method status="PASS" signature="quitDriver()[pri:0, instance:com.searchmodule.tests.SearchTest@2a18f23c]" name="quitDriver" is-config="true" duration-ms="480" started-at="2021-09-17T15:21:27Z" finished-at="2021-09-17T15:21:27Z">
          <reporter-output>
          </reporter-output>
        </test-method> <!-- quitDriver -->
      </class> <!-- com.searchmodule.tests.SearchTest -->
    </test> <!-- search-test-java -->
    <test name="search-test-qa" duration-ms="4056" started-at="2021-09-17T15:21:28Z" finished-at="2021-09-17T15:21:32Z">
      <class name="com.searchmodule.tests.SearchTest">
        <test-method status="PASS" signature="setupDriver()[pri:0, instance:com.searchmodule.tests.SearchTest@129a8472]" name="setupDriver" is-config="true" duration-ms="1195" started-at="2021-09-17T15:21:28Z" finished-at="2021-09-17T15:21:29Z">
          <reporter-output>
          </reporter-output>
        </test-method> <!-- setupDriver -->
        <test-method status="PASS" signature="search(java.lang.String)[pri:0, instance:com.searchmodule.tests.SearchTest@129a8472]" name="search" duration-ms="2487" started-at="2021-09-17T15:21:29Z" finished-at="2021-09-17T15:21:31Z">
          <params>
            <param index="0">
              <value>
                <![CDATA[qa]]>
              </value>
            </param>
          </params>
          <reporter-output>
          </reporter-output>
        </test-method> <!-- search -->
        <test-method status="PASS" signature="quitDriver()[pri:0, instance:com.searchmodule.tests.SearchTest@129a8472]" name="quitDriver" is-config="true" duration-ms="373" started-at="2021-09-17T15:21:31Z" finished-at="2021-09-17T15:21:32Z">
          <reporter-output>
          </reporter-output>
        </test-method> <!-- quitDriver -->
      </class> <!-- com.searchmodule.tests.SearchTest -->
    </test> <!-- search-test-qa -->
    <test name="search-test-webdriver" duration-ms="4345" started-at="2021-09-17T15:21:32Z" finished-at="2021-09-17T15:21:36Z">
      <class name="com.searchmodule.tests.SearchTest">
        <test-method status="PASS" signature="setupDriver()[pri:0, instance:com.searchmodule.tests.SearchTest@2752f6e2]" name="setupDriver" is-config="true" duration-ms="1378" started-at="2021-09-17T15:21:32Z" finished-at="2021-09-17T15:21:33Z">
          <reporter-output>
          </reporter-output>
        </test-method> <!-- setupDriver -->
        <test-method status="PASS" signature="search(java.lang.String)[pri:0, instance:com.searchmodule.tests.SearchTest@2752f6e2]" name="search" duration-ms="2495" started-at="2021-09-17T15:21:33Z" finished-at="2021-09-17T15:21:35Z">
          <params>
            <param index="0">
              <value>
                <![CDATA[webdriver]]>
              </value>
            </param>
          </params>
          <reporter-output>
          </reporter-output>
        </test-method> <!-- search -->
        <test-method status="PASS" signature="quitDriver()[pri:0, instance:com.searchmodule.tests.SearchTest@2752f6e2]" name="quitDriver" is-config="true" duration-ms="471" started-at="2021-09-17T15:21:35Z" finished-at="2021-09-17T15:21:36Z">
          <reporter-output>
          </reporter-output>
        </test-method> <!-- quitDriver -->
      </class> <!-- com.searchmodule.tests.SearchTest -->
    </test> <!-- search-test-webdriver -->
    <test name="search-test-docker" duration-ms="4036" started-at="2021-09-17T15:21:36Z" finished-at="2021-09-17T15:21:40Z">
      <class name="com.searchmodule.tests.SearchTest">
        <test-method status="PASS" signature="setupDriver()[pri:0, instance:com.searchmodule.tests.SearchTest@1d251891]" name="setupDriver" is-config="true" duration-ms="1074" started-at="2021-09-17T15:21:36Z" finished-at="2021-09-17T15:21:37Z">
          <reporter-output>
          </reporter-output>
        </test-method> <!-- setupDriver -->
        <test-method status="PASS" signature="search(java.lang.String)[pri:0, instance:com.searchmodule.tests.SearchTest@1d251891]" name="search" duration-ms="2491" started-at="2021-09-17T15:21:37Z" finished-at="2021-09-17T15:21:40Z">
          <params>
            <param index="0">
              <value>
                <![CDATA[docker]]>
              </value>
            </param>
          </params>
          <reporter-output>
          </reporter-output>
        </test-method> <!-- search -->
        <test-method status="PASS" signature="quitDriver()[pri:0, instance:com.searchmodule.tests.SearchTest@1d251891]" name="quitDriver" is-config="true" duration-ms="470" started-at="2021-09-17T15:21:40Z" finished-at="2021-09-17T15:21:40Z">
          <reporter-output>
          </reporter-output>
        </test-method> <!-- quitDriver -->
      </class> <!-- com.searchmodule.tests.SearchTest -->
    </test> <!-- search-test-docker -->
    <test name="search-test-kubernetes" duration-ms="4475" started-at="2021-09-17T15:21:40Z" finished-at="2021-09-17T15:21:44Z">
      <class name="com.searchmodule.tests.SearchTest">
        <test-method status="PASS" signature="setupDriver()[pri:0, instance:com.searchmodule.tests.SearchTest@43a25848]" name="setupDriver" is-config="true" duration-ms="1163" started-at="2021-09-17T15:21:40Z" finished-at="2021-09-17T15:21:41Z">
          <reporter-output>
          </reporter-output>
        </test-method> <!-- setupDriver -->
        <test-method status="PASS" signature="search(java.lang.String)[pri:0, instance:com.searchmodule.tests.SearchTest@43a25848]" name="search" duration-ms="2831" started-at="2021-09-17T15:21:41Z" finished-at="2021-09-17T15:21:44Z">
          <params>
            <param index="0">
              <value>
                <![CDATA[kubernetes]]>
              </value>
            </param>
          </params>
          <reporter-output>
          </reporter-output>
        </test-method> <!-- search -->
        <test-method status="PASS" signature="quitDriver()[pri:0, instance:com.searchmodule.tests.SearchTest@43a25848]" name="quitDriver" is-config="true" duration-ms="480" started-at="2021-09-17T15:21:44Z" finished-at="2021-09-17T15:21:44Z">
          <reporter-output>
          </reporter-output>
        </test-method> <!-- quitDriver -->
      </class> <!-- com.searchmodule.tests.SearchTest -->
    </test> <!-- search-test-kubernetes -->
  </suite> <!-- search-module -->
</testng-results>
